reboot

        __   _ __      _  __
       / /  (_) /____ | |/_/
      / /__/ / __/ -_)>  <
     /____/_/\__/\__/_/|_|
   Build your hardware, easily!

 (c) Copyright 2012-2023 Enjoy-Digital
 (c) Copyright 2007-2015 M-Labs

 BIOS built on Mar 13 2023 17:09:37
 BIOS CRC passed (f2b1f4f6)

 LiteX git sha1: b05c3069

--=============== SoC ==================--
CPU:		VexRiscv_Min @ 48MHz
BUS:		WISHBONE 32-bit @ 4GiB
CSR:		32-bit data
ROM:		128.0KiB
SRAM:		8.0KiB
L2:		128B
SDRAM:		8.0MiB 32-bit @ 48MT/s (CL-2 CWL-2)
MAIN-RAM:	8.0MiB

--========== Initialization ============--
Initializing SDRAM @0x40000000...
Switching SDRAM to software control.
Switching SDRAM to hardware control.
Memtest at 0x40000000 (2.0MiB)...
  Write: 0x40000000-0x40000000 0B   
  Write: 0x40000000-0x40020000 128.0KiB   
  Write: 0x40000000-0x40040000 256.0KiB   
  Write: 0x40000000-0x40060000 384.0KiB   
  Write: 0x40000000-0x40080000 512.0KiB   
  Write: 0x40000000-0x400a0000 640.0KiB   
  Write: 0x40000000-0x400c0000 768.0KiB   
  Write: 0x40000000-0x400e0000 896.0KiB   
  Write: 0x40000000-0x40100000 1.0MiB   
  Write: 0x40000000-0x40120000 1.1MiB   
  Write: 0x40000000-0x40140000 1.2MiB   
  Write: 0x40000000-0x40160000 1.3MiB   
  Write: 0x40000000-0x40180000 1.5MiB   
  Write: 0x40000000-0x401a0000 1.6MiB   
  Write: 0x40000000-0x401c0000 1.7MiB   
  Write: 0x40000000-0x401e0000 1.8MiB   
  Write: 0x40000000-0x40200000 2.0MiB   

   Read: 0x40000000-0x40000000 0B   
   Read: 0x40000000-0x40020000 128.0KiB   
   Read: 0x40000000-0x40040000 256.0KiB   
   Read: 0x40000000-0x40060000 384.0KiB   
   Read: 0x40000000-0x40080000 512.0KiB   
   Read: 0x40000000-0x400a0000 640.0KiB   
   Read: 0x40000000-0x400c0000 768.0KiB   
   Read: 0x40000000-0x400e0000 896.0KiB   
   Read: 0x40000000-0x40100000 1.0MiB   
   Read: 0x40000000-0x40120000 1.1MiB   
   Read: 0x40000000-0x40140000 1.2MiB   
   Read: 0x40000000-0x40160000 1.3MiB   
   Read: 0x40000000-0x40180000 1.5MiB   
   Read: 0x40000000-0x401a0000 1.6MiB   
   Read: 0x40000000-0x401c0000 1.7MiB   
   Read: 0x40000000-0x401e0000 1.8MiB   
   Read: 0x40000000-0x40200000 2.0MiB   

Memtest OK
Memspeed at 0x40000000 (Sequential, 2.0MiB)...
  Write speed: 12.9MiB/s
   Read speed: 16.1MiB/s

--============== Boot ==================--
Booting from serial...
Press Q or ESC to abort boot completely.
sL5DdSMmkekro
Timeout
No boot medium found

--============= Console ================--

litex> help

LiteX BIOS, available commands:

leds                     - Set Leds value
buttons                  - Get Buttons value
flush_l2_cache           - Flush L2 cache
flush_cpu_dcache         - Flush CPU data cache
crc                      - Compute CRC32 of a part of the address space
ident                    - Identifier of the system
help                     - Print this help

serialboot               - Boot from Serial (SFL)
reboot                   - Reboot
boot                     - Boot from Memory

mem_cmp                  - Compare memory content
mem_speed                - Test memory speed
mem_test                 - Test memory access
mem_copy                 - Copy address space
mem_write                - Write address space
mem_read                 - Read address space
mem_list                 - List available memory regions

sdram_mr_write           - Write SDRAM Mode Register
sdram_test               - Test SDRAM
sdram_init               - Initialize SDRAM (Init + Calibration)


litex> mem_test
mem_test <addr> [<maxsize>]
litex> n mem_list
Available memory regions:
ROM       0x00000000 0x20000 
SRAM      0x10000000 0x2000 
MAIN_RAM  0x40000000 0x800000 
CSR       0xf0000000 0x10000 

litex> sdram_test
Memtest at 0x40000000 (256.0KiB)...
  Write: 0x40000000-0x40000000 0B   
  Write: 0x40000000-0x40020000 128.0KiB   
  Write: 0x40000000-0x40040000 256.0KiB   

   Read: 0x40000000-0x40000000 0B   
   Read: 0x40000000-0x40020000 128.0KiB   
   Read: 0x40000000-0x40040000 256.0KiB   

Memtest OK

litex> sdram_init
Initializing SDRAM @0x40000000...
Switching SDRAM to software control.
Switching SDRAM to hardware control.
Memtest at 0x40000000 (2.0MiB)...
  Write: 0x40000000-0x40000000 0B   
  Write: 0x40000000-0x40020000 128.0KiB   
  Write: 0x40000000-0x40040000 256.0KiB   
  Write: 0x40000000-0x40060000 384.0KiB   
  Write: 0x40000000-0x40080000 512.0KiB   
  Write: 0x40000000-0x400a0000 640.0KiB   
  Write: 0x40000000-0x400c0000 768.0KiB   
  Write: 0x40000000-0x400e0000 896.0KiB   
  Write: 0x40000000-0x40100000 1.0MiB   
  Write: 0x40000000-0x40120000 1.1MiB   
  Write: 0x40000000-0x40140000 1.2MiB   
  Write: 0x40000000-0x40160000 1.3MiB   
  Write: 0x40000000-0x40180000 1.5MiB   
  Write: 0x40000000-0x401a0000 1.6MiB   
  Write: 0x40000000-0x401c0000 1.7MiB   
  Write: 0x40000000-0x401e0000 1.8MiB   
  Write: 0x40000000-0x40200000 2.0MiB   

   Read: 0x40000000-0x40000000 0B   
   Read: 0x40000000-0x40020000 128.0KiB   
   Read: 0x40000000-0x40040000 256.0KiB   
   Read: 0x40000000-0x40060000 384.0KiB   
   Read: 0x40000000-0x40080000 512.0KiB   
   Read: 0x40000000-0x400a0000 640.0KiB   
   Read: 0x40000000-0x400c0000 768.0KiB   
   Read: 0x40000000-0x400e0000 896.0KiB   
   Read: 0x40000000-0x40100000 1.0MiB   
   Read: 0x40000000-0x40120000 1.1MiB   
   Read: 0x40000000-0x40140000 1.2MiB   
   Read: 0x40000000-0x40160000 1.3MiB   
   Read: 0x40000000-0x40180000 1.5MiB   
   Read: 0x40000000-0x401a0000 1.6MiB   
   Read: 0x40000000-0x401c0000 1.7MiB   
   Read: 0x40000000-0x401e0000 1.8MiB   
   Read: 0x40000000-0x40200000 2.0MiB   

Memtest OK
Memspeed at 0x40000000 (Sequential, 2.0MiB)...
  Write speed: 12.9MiB/s
   Read speed: 16.1MiB/s

litex> sdram_init          sdram_test
Memtest at 0x40000000 (256.0KiB)...
  Write: 0x40000000-0x40000000 0B   
  Write: 0x40000000-0x40020000 128.0KiB   
  Write: 0x40000000-0x40040000 256.0KiB   

   Read: 0x40000000-0x40000000 0B   
   Read: 0x40000000-0x40020000 128.0KiB   
   Read: 0x40000000-0x40040000 256.0KiB   

Memtest OK

litex> 